nohup: ignoring input
W0208 17:20:32.642000 159196 torch/distributed/run.py:793] 
W0208 17:20:32.642000 159196 torch/distributed/run.py:793] *****************************************
W0208 17:20:32.642000 159196 torch/distributed/run.py:793] Setting OMP_NUM_THREADS environment variable for each process to be 1 in default, to avoid your system being overloaded, please further tune the variable for optimal performance in your application as needed. 
W0208 17:20:32.642000 159196 torch/distributed/run.py:793] *****************************************
Traceback (most recent call last):
  File "/usr/lib/python3.10/runpy.py", line 196, in _run_module_as_main
    return _run_code(code, main_globals, None,
  File "/usr/lib/python3.10/runpy.py", line 86, in _run_code
    exec(code, run_globals)
  File "/workspace/scripts/train_ssl.py", line 255, in <module>
    ap.add_argument("--resume", type='store_true')
  File "/usr/lib/python3.10/argparse.py", line 1447, in add_argument
    raise ValueError('%r is not callable' % (type_func,))
ValueError: 'store_true' is not callable
Traceback (most recent call last):
  File "/usr/lib/python3.10/runpy.py", line 196, in _run_module_as_main
    return _run_code(code, main_globals, None,
  File "/usr/lib/python3.10/runpy.py", line 86, in _run_code
    exec(code, run_globals)
  File "/workspace/scripts/train_ssl.py", line 255, in <module>
    ap.add_argument("--resume", type='store_true')
  File "/usr/lib/python3.10/argparse.py", line 1447, in add_argument
    raise ValueError('%r is not callable' % (type_func,))
ValueError: 'store_true' is not callable
Traceback (most recent call last):
  File "/usr/lib/python3.10/runpy.py", line 196, in _run_module_as_main
    return _run_code(code, main_globals, None,
  File "/usr/lib/python3.10/runpy.py", line 86, in _run_code
    exec(code, run_globals)
  File "/workspace/scripts/train_ssl.py", line 255, in <module>
    ap.add_argument("--resume", type='store_true')
  File "/usr/lib/python3.10/argparse.py", line 1447, in add_argument
    raise ValueError('%r is not callable' % (type_func,))
ValueError: 'store_true' is not callable
E0208 17:20:35.429000 159196 torch/distributed/elastic/multiprocessing/api.py:869] failed (exitcode: 1) local_rank: 0 (pid: 159218) of binary: /usr/local/bin/python
Traceback (most recent call last):
  File "/usr/local/bin/torchrun", line 6, in <module>
    sys.exit(main())
  File "/usr/local/lib/python3.10/dist-packages/torch/distributed/elastic/multiprocessing/errors/__init__.py", line 355, in wrapper
    return f(*args, **kwargs)
  File "/usr/local/lib/python3.10/dist-packages/torch/distributed/run.py", line 919, in main
    run(args)
  File "/usr/local/lib/python3.10/dist-packages/torch/distributed/run.py", line 910, in run
    elastic_launch(
  File "/usr/local/lib/python3.10/dist-packages/torch/distributed/launcher/api.py", line 138, in __call__
    return launch_agent(self._config, self._entrypoint, list(args))
  File "/usr/local/lib/python3.10/dist-packages/torch/distributed/launcher/api.py", line 269, in launch_agent
    raise ChildFailedError(
torch.distributed.elastic.multiprocessing.errors.ChildFailedError: 
============================================================
scripts.train_ssl FAILED
------------------------------------------------------------
Failures:
[1]:
  time      : 2026-02-08_17:20:35
  host      : 6cfbeded122b
  rank      : 1 (local_rank: 1)
  exitcode  : 1 (pid: 159219)
  error_file: <N/A>
  traceback : To enable traceback see: https://pytorch.org/docs/stable/elastic/errors.html
[2]:
  time      : 2026-02-08_17:20:35
  host      : 6cfbeded122b
  rank      : 2 (local_rank: 2)
  exitcode  : 1 (pid: 159220)
  error_file: <N/A>
  traceback : To enable traceback see: https://pytorch.org/docs/stable/elastic/errors.html
------------------------------------------------------------
Root Cause (first observed failure):
[0]:
  time      : 2026-02-08_17:20:35
  host      : 6cfbeded122b
  rank      : 0 (local_rank: 0)
  exitcode  : 1 (pid: 159218)
  error_file: <N/A>
  traceback : To enable traceback see: https://pytorch.org/docs/stable/elastic/errors.html
============================================================
